# JRE version: OpenJDK Runtime Environment (8.0_242-b08) (build 1.8.0_242-b08)
# Java VM: OpenJDK 64-Bit Server VM (25.242-b08 mixed mode bsd-amd64 compressed oops)
Heap:
 PSYoungGen      total 258560K, used 56828K [0x00000007aab00000, 0x00000007bb700000, 0x00000007c0000000)
  eden space 244736K, 18% used [0x00000007aab00000,0x00000007ad7cf288,0x00000007b9a00000)
  from space 13824K, 79% used [0x00000007ba980000,0x00000007bb430010,0x00000007bb700000)
  to   space 14848K, 0% used [0x00000007b9a00000,0x00000007b9a00000,0x00000007ba880000)
 ParOldGen       total 175104K, used 10216K [0x0000000780000000, 0x000000078ab00000, 0x00000007aab00000)
  object space 175104K, 5% used [0x0000000780000000,0x00000007809fa1e0,0x000000078ab00000)
 Metaspace       used 25411K, capacity 25850K, committed 26288K, reserved 1073152K
  class space    used 3008K, capacity 3143K, committed 3248K, reserved 1048576K
GC Heap History (10 events):
Event: 1.368 GC heap before
{Heap before GC invocations=3 (full 1):
 PSYoungGen      total 76288K, used 6382K [0x00000007aab00000, 0x00000007b4000000, 0x00000007c0000000)
  eden space 65536K, 0% used [0x00000007aab00000,0x00000007aab00000,0x00000007aeb00000)
  from space 10752K, 59% used [0x00000007af580000,0x00000007afbbb8c8,0x00000007b0000000)
  to   space 10752K, 0% used [0x00000007aeb00000,0x00000007aeb00000,0x00000007af580000)
 ParOldGen       total 175104K, used 3677K [0x0000000780000000, 0x000000078ab00000, 0x00000007aab00000)
  object space 175104K, 2% used [0x0000000780000000,0x00000007803976f0,0x000000078ab00000)
 Metaspace       used 20904K, capacity 21114K, committed 21296K, reserved 1069056K
  class space    used 2489K, capacity 2599K, committed 2608K, reserved 1048576K
Event: 1.383 GC heap after
Heap after GC invocations=3 (full 1):
 PSYoungGen      total 76288K, used 0K [0x00000007aab00000, 0x00000007b4000000, 0x00000007c0000000)
  eden space 65536K, 0% used [0x00000007aab00000,0x00000007aab00000,0x00000007aeb00000)
  from space 10752K, 0% used [0x00000007af580000,0x00000007af580000,0x00000007b0000000)
  to   space 10752K, 0% used [0x00000007aeb00000,0x00000007aeb00000,0x00000007af580000)
 ParOldGen       total 175104K, used 6576K [0x0000000780000000, 0x000000078ab00000, 0x00000007aab00000)
  object space 175104K, 3% used [0x0000000780000000,0x000000078066c358,0x000000078ab00000)
 Metaspace       used 20904K, capacity 21114K, committed 21296K, reserved 1069056K
  class space    used 2489K, capacity 2599K, committed 2608K, reserved 1048576K
}
Event: 1.714 GC heap before
{Heap before GC invocations=4 (full 1):
 PSYoungGen      total 76288K, used 65536K [0x00000007aab00000, 0x00000007b4000000, 0x00000007c0000000)
  eden space 65536K, 100% used [0x00000007aab00000,0x00000007aeb00000,0x00000007aeb00000)
  from space 10752K, 0% used [0x00000007af580000,0x00000007af580000,0x00000007b0000000)
  to   space 10752K, 0% used [0x00000007aeb00000,0x00000007aeb00000,0x00000007af580000)
 ParOldGen       total 175104K, used 6576K [0x0000000780000000, 0x000000078ab00000, 0x00000007aab00000)
  object space 175104K, 3% used [0x0000000780000000,0x000000078066c358,0x000000078ab00000)
 Metaspace       used 23906K, capacity 24312K, committed 24496K, reserved 1071104K
  class space    used 2825K, capacity 2992K, committed 2992K, reserved 1048576K
Event: 1.718 GC heap after
Heap after GC invocations=4 (full 1):
 PSYoungGen      total 76288K, used 10742K [0x00000007aab00000, 0x00000007b3c00000, 0x00000007c0000000)
  eden space 65536K, 0% used [0x00000007aab00000,0x00000007aab00000,0x00000007aeb00000)
  from space 10752K, 99% used [0x00000007aeb00000,0x00000007af57d958,0x00000007af580000)
  to   space 10752K, 0% used [0x00000007b3180000,0x00000007b3180000,0x00000007b3c00000)
 ParOldGen       total 175104K, used 7520K [0x0000000780000000, 0x000000078ab00000, 0x00000007aab00000)
  object space 175104K, 4% used [0x0000000780000000,0x00000007807581e0,0x000000078ab00000)
 Metaspace       used 23906K, capacity 24312K, committed 24496K, reserved 1071104K
  class space    used 2825K, capacity 2992K, committed 2992K, reserved 1048576K
}
Event: 1.791 GC heap before
{Heap before GC invocations=5 (full 1):
 PSYoungGen      total 76288K, used 76278K [0x00000007aab00000, 0x00000007b3c00000, 0x00000007c0000000)
  eden space 65536K, 100% used [0x00000007aab00000,0x00000007aeb00000,0x00000007aeb00000)
  from space 10752K, 99% used [0x00000007aeb00000,0x00000007af57d958,0x00000007af580000)
  to   space 10752K, 0% used [0x00000007b3180000,0x00000007b3180000,0x00000007b3c00000)
 ParOldGen       total 175104K, used 7520K [0x0000000780000000, 0x000000078ab00000, 0x00000007aab00000)
  object space 175104K, 4% used [0x0000000780000000,0x00000007807581e0,0x000000078ab00000)
 Metaspace       used 23906K, capacity 24312K, committed 24496K, reserved 1071104K
  class space    used 2825K, capacity 2992K, committed 2992K, reserved 1048576K
Event: 1.800 GC heap after
Heap after GC invocations=5 (full 1):
 PSYoungGen      total 137728K, used 10720K [0x00000007aab00000, 0x00000007b3c00000, 0x00000007c0000000)
  eden space 126976K, 0% used [0x00000007aab00000,0x00000007aab00000,0x00000007b2700000)
  from space 10752K, 99% used [0x00000007b3180000,0x00000007b3bf8010,0x00000007b3c00000)
  to   space 10752K, 0% used [0x00000007b2700000,0x00000007b2700000,0x00000007b3180000)
 ParOldGen       total 175104K, used 8096K [0x0000000780000000, 0x000000078ab00000, 0x00000007aab00000)
  object space 175104K, 4% used [0x0000000780000000,0x00000007807e81e0,0x000000078ab00000)
 Metaspace       used 23906K, capacity 24312K, committed 24496K, reserved 1071104K
  class space    used 2825K, capacity 2992K, committed 2992K, reserved 1048576K
}
Event: 1.896 GC heap before
{Heap before GC invocations=6 (full 1):
 PSYoungGen      total 137728K, used 137696K [0x00000007aab00000, 0x00000007b3c00000, 0x00000007c0000000)
  eden space 126976K, 100% used [0x00000007aab00000,0x00000007b2700000,0x00000007b2700000)
  from space 10752K, 99% used [0x00000007b3180000,0x00000007b3bf8010,0x00000007b3c00000)
  to   space 10752K, 0% used [0x00000007b2700000,0x00000007b2700000,0x00000007b3180000)
 ParOldGen       total 175104K, used 8096K [0x0000000780000000, 0x000000078ab00000, 0x00000007aab00000)
  object space 175104K, 4% used [0x0000000780000000,0x00000007807e81e0,0x000000078ab00000)
 Metaspace       used 23906K, capacity 24312K, committed 24496K, reserved 1071104K
  class space    used 2825K, capacity 2992K, committed 2992K, reserved 1048576K
Event: 1.907 GC heap after
Heap after GC invocations=6 (full 1):
 PSYoungGen      total 137728K, used 10720K [0x00000007aab00000, 0x00000007bb900000, 0x00000007c0000000)
  eden space 126976K, 0% used [0x00000007aab00000,0x00000007aab00000,0x00000007b2700000)
  from space 10752K, 99% used [0x00000007b2700000,0x00000007b3178010,0x00000007b3180000)
  to   space 15872K, 0% used [0x00000007ba980000,0x00000007ba980000,0x00000007bb900000)
 ParOldGen       total 175104K, used 10216K [0x0000000780000000, 0x000000078ab00000, 0x00000007aab00000)
  object space 175104K, 5% used [0x0000000780000000,0x00000007809fa1e0,0x000000078ab00000)
 Metaspace       used 23906K, capacity 24312K, committed 24496K, reserved 1071104K
  class space    used 2825K, capacity 2992K, committed 2992K, reserved 1048576K
}
Event: 1.975 GC heap before
{Heap before GC invocations=7 (full 1):
 PSYoungGen      total 137728K, used 137696K [0x00000007aab00000, 0x00000007bb900000, 0x00000007c0000000)
  eden space 126976K, 100% used [0x00000007aab00000,0x00000007b2700000,0x00000007b2700000)
  from space 10752K, 99% used [0x00000007b2700000,0x00000007b3178010,0x00000007b3180000)
  to   space 15872K, 0% used [0x00000007ba980000,0x00000007ba980000,0x00000007bb900000)
 ParOldGen       total 175104K, used 10216K [0x0000000780000000, 0x000000078ab00000, 0x00000007aab00000)
  object space 175104K, 5% used [0x0000000780000000,0x00000007809fa1e0,0x000000078ab00000)
 Metaspace       used 23908K, capacity 24312K, committed 24496K, reserved 1071104K
  class space    used 2825K, capacity 2992K, committed 2992K, reserved 1048576K
Event: 1.986 GC heap after
Heap after GC invocations=7 (full 1):
 PSYoungGen      total 258560K, used 10944K [0x00000007aab00000, 0x00000007bb700000, 0x00000007c0000000)
  eden space 244736K, 0% used [0x00000007aab00000,0x00000007aab00000,0x00000007b9a00000)
  from space 13824K, 79% used [0x00000007ba980000,0x00000007bb430010,0x00000007bb700000)
  to   space 14848K, 0% used [0x00000007b9a00000,0x00000007b9a00000,0x00000007ba880000)
 ParOldGen       total 175104K, used 10216K [0x0000000780000000, 0x000000078ab00000, 0x00000007aab00000)
  object space 175104K, 5% used [0x0000000780000000,0x00000007809fa1e0,0x000000078ab00000)
 Metaspace       used 23908K, capacity 24312K, committed 24496K, reserved 1071104K
  class space    used 2825K, capacity 2992K, committed 2992K, reserved 1048576K
}

