# JRE version: OpenJDK Runtime Environment (8.0_242-b08) (build 1.8.0_242-b08)
# Java VM: OpenJDK 64-Bit Server VM (25.242-b08 mixed mode bsd-amd64 compressed oops)
Heap:
 PSYoungGen      total 214016K, used 95487K [0x00000007aab00000, 0x00000007b8d80000, 0x00000007c0000000)
  eden space 201216K, 42% used [0x00000007aab00000,0x00000007aff0e0b8,0x00000007b6f80000)
  from space 12800K, 73% used [0x00000007b8100000,0x00000007b8a31c90,0x00000007b8d80000)
  to   space 15360K, 0% used [0x00000007b6f80000,0x00000007b6f80000,0x00000007b7e80000)
 ParOldGen       total 175104K, used 17545K [0x0000000780000000, 0x000000078ab00000, 0x00000007aab00000)
  object space 175104K, 10% used [0x0000000780000000,0x0000000781122508,0x000000078ab00000)
 Metaspace       used 31310K, capacity 31948K, committed 32128K, reserved 1077248K
  class space    used 4456K, capacity 4641K, committed 4736K, reserved 1048576K
GC Heap History (10 events):
Event: 2.389 GC heap before
{Heap before GC invocations=3 (full 1):
 PSYoungGen      total 76288K, used 65536K [0x00000007aab00000, 0x00000007b0000000, 0x00000007c0000000)
  eden space 65536K, 100% used [0x00000007aab00000,0x00000007aeb00000,0x00000007aeb00000)
  from space 10752K, 0% used [0x00000007aeb00000,0x00000007aeb00000,0x00000007af580000)
  to   space 10752K, 0% used [0x00000007af580000,0x00000007af580000,0x00000007b0000000)
 ParOldGen       total 175104K, used 13812K [0x0000000780000000, 0x000000078ab00000, 0x00000007aab00000)
  object space 175104K, 7% used [0x0000000780000000,0x0000000780d7d278,0x000000078ab00000)
 Metaspace       used 23717K, capacity 24150K, committed 24576K, reserved 1071104K
  class space    used 2803K, capacity 2959K, committed 3072K, reserved 1048576K
Event: 2.396 GC heap after
Heap after GC invocations=3 (full 1):
 PSYoungGen      total 76288K, used 10740K [0x00000007aab00000, 0x00000007b1d00000, 0x00000007c0000000)
  eden space 65536K, 0% used [0x00000007aab00000,0x00000007aab00000,0x00000007aeb00000)
  from space 10752K, 99% used [0x00000007af580000,0x00000007afffd1d0,0x00000007b0000000)
  to   space 10752K, 0% used [0x00000007aeb00000,0x00000007aeb00000,0x00000007af580000)
 ParOldGen       total 175104K, used 14809K [0x0000000780000000, 0x000000078ab00000, 0x00000007aab00000)
  object space 175104K, 8% used [0x0000000780000000,0x0000000780e76508,0x000000078ab00000)
 Metaspace       used 23717K, capacity 24150K, committed 24576K, reserved 1071104K
  class space    used 2803K, capacity 2959K, committed 3072K, reserved 1048576K
}
Event: 2.492 GC heap before
{Heap before GC invocations=4 (full 1):
 PSYoungGen      total 76288K, used 76276K [0x00000007aab00000, 0x00000007b1d00000, 0x00000007c0000000)
  eden space 65536K, 100% used [0x00000007aab00000,0x00000007aeb00000,0x00000007aeb00000)
  from space 10752K, 99% used [0x00000007af580000,0x00000007afffd1d0,0x00000007b0000000)
  to   space 10752K, 0% used [0x00000007aeb00000,0x00000007aeb00000,0x00000007af580000)
 ParOldGen       total 175104K, used 14809K [0x0000000780000000, 0x000000078ab00000, 0x00000007aab00000)
  object space 175104K, 8% used [0x0000000780000000,0x0000000780e76508,0x000000078ab00000)
 Metaspace       used 23717K, capacity 24150K, committed 24576K, reserved 1071104K
  class space    used 2803K, capacity 2959K, committed 3072K, reserved 1048576K
Event: 2.499 GC heap after
Heap after GC invocations=4 (full 1):
 PSYoungGen      total 76288K, used 10720K [0x00000007aab00000, 0x00000007b2b80000, 0x00000007c0000000)
  eden space 65536K, 0% used [0x00000007aab00000,0x00000007aab00000,0x00000007aeb00000)
  from space 10752K, 99% used [0x00000007aeb00000,0x00000007af578010,0x00000007af580000)
  to   space 10752K, 0% used [0x00000007b2100000,0x00000007b2100000,0x00000007b2b80000)
 ParOldGen       total 175104K, used 15401K [0x0000000780000000, 0x000000078ab00000, 0x00000007aab00000)
  object space 175104K, 8% used [0x0000000780000000,0x0000000780f0a508,0x000000078ab00000)
 Metaspace       used 23717K, capacity 24150K, committed 24576K, reserved 1071104K
  class space    used 2803K, capacity 2959K, committed 3072K, reserved 1048576K
}
Event: 2.553 GC heap before
{Heap before GC invocations=5 (full 1):
 PSYoungGen      total 76288K, used 76256K [0x00000007aab00000, 0x00000007b2b80000, 0x00000007c0000000)
  eden space 65536K, 100% used [0x00000007aab00000,0x00000007aeb00000,0x00000007aeb00000)
  from space 10752K, 99% used [0x00000007aeb00000,0x00000007af578010,0x00000007af580000)
  to   space 10752K, 0% used [0x00000007b2100000,0x00000007b2100000,0x00000007b2b80000)
 ParOldGen       total 175104K, used 15401K [0x0000000780000000, 0x000000078ab00000, 0x00000007aab00000)
  object space 175104K, 8% used [0x0000000780000000,0x0000000780f0a508,0x000000078ab00000)
 Metaspace       used 23717K, capacity 24150K, committed 24576K, reserved 1071104K
  class space    used 2803K, capacity 2959K, committed 3072K, reserved 1048576K
Event: 2.562 GC heap after
Heap after GC invocations=5 (full 1):
 PSYoungGen      total 120832K, used 10720K [0x00000007aab00000, 0x00000007b3480000, 0x00000007c0000000)
  eden space 110080K, 0% used [0x00000007aab00000,0x00000007aab00000,0x00000007b1680000)
  from space 10752K, 99% used [0x00000007b2100000,0x00000007b2b78010,0x00000007b2b80000)
  to   space 10752K, 0% used [0x00000007b1680000,0x00000007b1680000,0x00000007b2100000)
 ParOldGen       total 175104K, used 15513K [0x0000000780000000, 0x000000078ab00000, 0x00000007aab00000)
  object space 175104K, 8% used [0x0000000780000000,0x0000000780f26508,0x000000078ab00000)
 Metaspace       used 23717K, capacity 24150K, committed 24576K, reserved 1071104K
  class space    used 2803K, capacity 2959K, committed 3072K, reserved 1048576K
}
Event: 2.657 GC heap before
{Heap before GC invocations=6 (full 1):
 PSYoungGen      total 120832K, used 120800K [0x00000007aab00000, 0x00000007b3480000, 0x00000007c0000000)
  eden space 110080K, 100% used [0x00000007aab00000,0x00000007b1680000,0x00000007b1680000)
  from space 10752K, 99% used [0x00000007b2100000,0x00000007b2b78010,0x00000007b2b80000)
  to   space 10752K, 0% used [0x00000007b1680000,0x00000007b1680000,0x00000007b2100000)
 ParOldGen       total 175104K, used 15513K [0x0000000780000000, 0x000000078ab00000, 0x00000007aab00000)
  object space 175104K, 8% used [0x0000000780000000,0x0000000780f26508,0x000000078ab00000)
 Metaspace       used 23717K, capacity 24150K, committed 24576K, reserved 1071104K
  class space    used 2803K, capacity 2959K, committed 3072K, reserved 1048576K
Event: 2.671 GC heap after
Heap after GC invocations=6 (full 1):
 PSYoungGen      total 120832K, used 10720K [0x00000007aab00000, 0x00000007b9000000, 0x00000007c0000000)
  eden space 110080K, 0% used [0x00000007aab00000,0x00000007aab00000,0x00000007b1680000)
  from space 10752K, 99% used [0x00000007b1680000,0x00000007b20f8010,0x00000007b2100000)
  to   space 15360K, 0% used [0x00000007b8100000,0x00000007b8100000,0x00000007b9000000)
 ParOldGen       total 175104K, used 17537K [0x0000000780000000, 0x000000078ab00000, 0x00000007aab00000)
  object space 175104K, 10% used [0x0000000780000000,0x0000000781120508,0x000000078ab00000)
 Metaspace       used 23717K, capacity 24150K, committed 24576K, reserved 1071104K
  class space    used 2803K, capacity 2959K, committed 3072K, reserved 1048576K
}
Event: 2.895 GC heap before
{Heap before GC invocations=7 (full 1):
 PSYoungGen      total 120832K, used 120800K [0x00000007aab00000, 0x00000007b9000000, 0x00000007c0000000)
  eden space 110080K, 100% used [0x00000007aab00000,0x00000007b1680000,0x00000007b1680000)
  from space 10752K, 99% used [0x00000007b1680000,0x00000007b20f8010,0x00000007b2100000)
  to   space 15360K, 0% used [0x00000007b8100000,0x00000007b8100000,0x00000007b9000000)
 ParOldGen       total 175104K, used 17537K [0x0000000780000000, 0x000000078ab00000, 0x00000007aab00000)
  object space 175104K, 10% used [0x0000000780000000,0x0000000781120508,0x000000078ab00000)
 Metaspace       used 24705K, capacity 25126K, committed 25344K, reserved 1071104K
  class space    used 2915K, capacity 3071K, committed 3072K, reserved 1048576K
Event: 2.902 GC heap after
Heap after GC invocations=7 (full 1):
 PSYoungGen      total 214016K, used 9415K [0x00000007aab00000, 0x00000007b8d80000, 0x00000007c0000000)
  eden space 201216K, 0% used [0x00000007aab00000,0x00000007aab00000,0x00000007b6f80000)
  from space 12800K, 73% used [0x00000007b8100000,0x00000007b8a31c90,0x00000007b8d80000)
  to   space 15360K, 0% used [0x00000007b6f80000,0x00000007b6f80000,0x00000007b7e80000)
 ParOldGen       total 175104K, used 17545K [0x0000000780000000, 0x000000078ab00000, 0x00000007aab00000)
  object space 175104K, 10% used [0x0000000780000000,0x0000000781122508,0x000000078ab00000)
 Metaspace       used 24705K, capacity 25126K, committed 25344K, reserved 1071104K
  class space    used 2915K, capacity 3071K, committed 3072K, reserved 1048576K
}

